ncverilog: 10.20-s114: (c) Copyright 1995-2012 Cadence Design Systems, Inc.
TOOL:	ncverilog	10.20-s114: Started on Sep 26, 2016 at 18:45:17 CST
ncverilog
	TESTBED.v
	+access+wr
	+notimingcheck
Loading snapshot worklib.TESTBED:v .................... Done
ncsim> source /usr/cad/cadence/INCISIV/cur/tools/inca/files/ncsimrc
ncsim> run
Novas FSDB Dumper for Verilog-XL, Release 2008.01 (Linux) 01/30/2008
Copyright (C) 1996 - 2007 by Novas Software, Inc.
*Novas* Create FSDB file 'ALU.fsdb'
*Novas* Begin traversing the top scope(TESTBED), layer(0).
*Novas* End of traversing the top scope(TESTBED)
You pass           1 test!
You pass           2 test!
You pass           3 test!
You pass           4 test!
You pass           5 test!
You pass           6 test!
You pass           7 test!
You pass           8 test!
You pass           9 test!
You pass          10 test!
You pass          11 test!
You pass          12 test!
You pass          13 test!
You pass          14 test!
You pass          15 test!
You pass          16 test!
You pass          17 test!
You pass          18 test!
You pass          19 test!
You pass          20 test!
You pass          21 test!
You pass          22 test!
You pass          23 test!
You pass          24 test!
You pass          25 test!
You pass          26 test!
You pass          27 test!
You pass          28 test!
You pass          29 test!
You pass          30 test!
You pass          31 test!
You pass          32 test!
You pass          33 test!
You pass          34 test!
You pass          35 test!
You pass          36 test!
You pass          37 test!
You pass          38 test!
You pass          39 test!
You pass          40 test!
You pass          41 test!
You pass          42 test!
You pass          43 test!
You pass          44 test!
You pass          45 test!
You pass          46 test!
You pass          47 test!
You pass          48 test!
You pass          49 test!
You pass          50 test!
You pass          51 test!
You pass          52 test!
You pass          53 test!
You pass          54 test!
You pass          55 test!
You pass          56 test!
You pass          57 test!
You pass          58 test!
You pass          59 test!
You pass          60 test!
You pass          61 test!
You pass          62 test!
You pass          63 test!
You pass          64 test!
You pass          65 test!
You pass          66 test!
You pass          67 test!
You pass          68 test!
You pass          69 test!
You pass          70 test!
You pass          71 test!
You pass          72 test!
You pass          73 test!
You pass          74 test!
You pass          75 test!
You pass          76 test!
You pass          77 test!
You pass          78 test!
You pass          79 test!
You pass          80 test!
You pass          81 test!
You pass          82 test!
You pass          83 test!
You pass          84 test!
You pass          85 test!
You pass          86 test!
You pass          87 test!
You pass          88 test!
You pass          89 test!
You pass          90 test!
You pass          91 test!
You pass          92 test!
You pass          93 test!
You pass          94 test!
You pass          95 test!
You pass          96 test!
You pass          97 test!
You pass          98 test!
You pass          99 test!
You pass         100 test!
You pass         101 test!
You pass         102 test!
You pass         103 test!
You pass         104 test!
You pass         105 test!
You pass         106 test!
You pass         107 test!
You pass         108 test!
You pass         109 test!
You pass         110 test!
You pass         111 test!
You pass         112 test!
You pass         113 test!
You pass         114 test!
You pass         115 test!
You pass         116 test!
You pass         117 test!
You pass         118 test!
You pass         119 test!
You pass         120 test!
You pass         121 test!
You pass         122 test!
You pass         123 test!
You pass         124 test!
You pass         125 test!
You pass         126 test!
You pass         127 test!
You pass         128 test!
You pass         129 test!
You pass         130 test!
You pass         131 test!
You pass         132 test!
You pass         133 test!
You pass         134 test!
You pass         135 test!
You pass         136 test!
You pass         137 test!
You pass         138 test!
You pass         139 test!
You pass         140 test!
You pass         141 test!
You pass         142 test!
You pass         143 test!
You pass         144 test!
You pass         145 test!
You pass         146 test!
You pass         147 test!
You pass         148 test!
You pass         149 test!
You pass         150 test!
You pass         151 test!
You pass         152 test!
You pass         153 test!
You pass         154 test!
You pass         155 test!
You pass         156 test!
You pass         157 test!
You pass         158 test!
You pass         159 test!
You pass         160 test!
You pass         161 test!
You pass         162 test!
You pass         163 test!
You pass         164 test!
You pass         165 test!
You pass         166 test!
You pass         167 test!
You pass         168 test!
You pass         169 test!
You pass         170 test!
You pass         171 test!
You pass         172 test!
You pass         173 test!
You pass         174 test!
You pass         175 test!
You pass         176 test!
You pass         177 test!
You pass         178 test!
You pass         179 test!
You pass         180 test!
You pass         181 test!
You pass         182 test!
You pass         183 test!
You pass         184 test!
You pass         185 test!
You pass         186 test!
You pass         187 test!
You pass         188 test!
You pass         189 test!
You pass         190 test!
You pass         191 test!
You pass         192 test!
You pass         193 test!
You pass         194 test!
You pass         195 test!
You pass         196 test!
You pass         197 test!
You pass         198 test!
You pass         199 test!
You pass         200 test!
You pass         201 test!
You pass         202 test!
You pass         203 test!
You pass         204 test!
You pass         205 test!
You pass         206 test!
You pass         207 test!
You pass         208 test!
You pass         209 test!
You pass         210 test!
You pass         211 test!
You pass         212 test!
You pass         213 test!
You pass         214 test!
You pass         215 test!
You pass         216 test!
You pass         217 test!
You pass         218 test!
You pass         219 test!
You pass         220 test!
You pass         221 test!
You pass         222 test!
You pass         223 test!
You pass         224 test!
You pass         225 test!
You pass         226 test!
You pass         227 test!
You pass         228 test!
You pass         229 test!
You pass         230 test!
You pass         231 test!
You pass         232 test!
You pass         233 test!
You pass         234 test!
You pass         235 test!
You pass         236 test!
You pass         237 test!
You pass         238 test!
You pass         239 test!
You pass         240 test!
You pass         241 test!
You pass         242 test!
You pass         243 test!
You pass         244 test!
You pass         245 test!
You pass         246 test!
You pass         247 test!
You pass         248 test!
You pass         249 test!
You pass         250 test!
You pass         251 test!
You pass         252 test!
You pass         253 test!
You pass         254 test!
You pass         255 test!
You pass         256 test!
You pass         257 test!
You pass         258 test!
You pass         259 test!
You pass         260 test!
You pass         261 test!
You pass         262 test!
You pass         263 test!
You pass         264 test!
You pass         265 test!
You pass         266 test!
You pass         267 test!
You pass         268 test!
You pass         269 test!
You pass         270 test!
You pass         271 test!
You pass         272 test!
You pass         273 test!
You pass         274 test!
You pass         275 test!
You pass         276 test!
You pass         277 test!
You pass         278 test!
You pass         279 test!
You pass         280 test!
You pass         281 test!
You pass         282 test!
You pass         283 test!
You pass         284 test!
You pass         285 test!
You pass         286 test!
You pass         287 test!
You pass         288 test!
You pass         289 test!
You pass         290 test!
You pass         291 test!
You pass         292 test!
You pass         293 test!
You pass         294 test!
You pass         295 test!
You pass         296 test!
You pass         297 test!
You pass         298 test!
You pass         299 test!
You pass         300 test!
You pass         301 test!
You pass         302 test!
You pass         303 test!
You pass         304 test!
You pass         305 test!
You pass         306 test!
You pass         307 test!
You pass         308 test!
You pass         309 test!
You pass         310 test!
You pass         311 test!
You pass         312 test!
You pass         313 test!
You pass         314 test!
You pass         315 test!
You pass         316 test!
You pass         317 test!
You pass         318 test!
You pass         319 test!
You pass         320 test!
You pass         321 test!
You pass         322 test!
You pass         323 test!
You pass         324 test!
You pass         325 test!
You pass         326 test!
You pass         327 test!
You pass         328 test!
You pass         329 test!
You pass         330 test!
You pass         331 test!
You pass         332 test!
You pass         333 test!
You pass         334 test!
You pass         335 test!
You pass         336 test!
You pass         337 test!
You pass         338 test!
You pass         339 test!
You pass         340 test!
You pass         341 test!
You pass         342 test!
You pass         343 test!
You pass         344 test!
You pass         345 test!
You pass         346 test!
You pass         347 test!
You pass         348 test!
You pass         349 test!
You pass         350 test!
You pass         351 test!
You pass         352 test!
You pass         353 test!
You pass         354 test!
You pass         355 test!
You pass         356 test!
You pass         357 test!
You pass         358 test!
You pass         359 test!
You pass         360 test!
You pass         361 test!
You pass         362 test!
You pass         363 test!
You pass         364 test!
You pass         365 test!
You pass         366 test!
You pass         367 test!
You pass         368 test!
You pass         369 test!
You pass         370 test!
You pass         371 test!
You pass         372 test!
You pass         373 test!
You pass         374 test!
You pass         375 test!
You pass         376 test!
You pass         377 test!
You pass         378 test!
You pass         379 test!
You pass         380 test!
You pass         381 test!
You pass         382 test!
You pass         383 test!
You pass         384 test!
You pass         385 test!
You pass         386 test!
You pass         387 test!
You pass         388 test!
You pass         389 test!
You pass         390 test!
You pass         391 test!
You pass         392 test!
You pass         393 test!
You pass         394 test!
You pass         395 test!
You pass         396 test!
You pass         397 test!
You pass         398 test!
You pass         399 test!
You pass         400 test!
You pass         401 test!
You pass         402 test!
You pass         403 test!
You pass         404 test!
You pass         405 test!
You pass         406 test!
You pass         407 test!
You pass         408 test!
You pass         409 test!
You pass         410 test!
You pass         411 test!
You pass         412 test!
You pass         413 test!
You pass         414 test!
You pass         415 test!
You pass         416 test!
You pass         417 test!
You pass         418 test!
You pass         419 test!
You pass         420 test!
You pass         421 test!
You pass         422 test!
You pass         423 test!
You pass         424 test!
You pass         425 test!
You pass         426 test!
You pass         427 test!
You pass         428 test!
You pass         429 test!
You pass         430 test!
You pass         431 test!
You pass         432 test!
You pass         433 test!
You pass         434 test!
You pass         435 test!
You pass         436 test!
You pass         437 test!
You pass         438 test!
You pass         439 test!
You pass         440 test!
You pass         441 test!
You pass         442 test!
You pass         443 test!
You pass         444 test!
You pass         445 test!
You pass         446 test!
You pass         447 test!
You pass         448 test!
You pass         449 test!
You pass         450 test!
You pass         451 test!
You pass         452 test!
You pass         453 test!
You pass         454 test!
You pass         455 test!
You pass         456 test!
You pass         457 test!
You pass         458 test!
You pass         459 test!
You pass         460 test!
You pass         461 test!
You pass         462 test!
You pass         463 test!
You pass         464 test!
You pass         465 test!
You pass         466 test!
You pass         467 test!
You pass         468 test!
You pass         469 test!
You pass         470 test!
You pass         471 test!
You pass         472 test!
You pass         473 test!
You pass         474 test!
You pass         475 test!
You pass         476 test!
You pass         477 test!
You pass         478 test!
You pass         479 test!
You pass         480 test!
You pass         481 test!
You pass         482 test!
You pass         483 test!
You pass         484 test!
You pass         485 test!
You pass         486 test!
You pass         487 test!
You pass         488 test!
You pass         489 test!
You pass         490 test!
You pass         491 test!
You pass         492 test!
You pass         493 test!
You pass         494 test!
You pass         495 test!
You pass         496 test!
You pass         497 test!
You pass         498 test!
You pass         499 test!
You pass         500 test!
You pass         501 test!
You pass         502 test!
You pass         503 test!
You pass         504 test!
You pass         505 test!
You pass         506 test!
You pass         507 test!
You pass         508 test!
You pass         509 test!
You pass         510 test!
You pass         511 test!
You pass         512 test!
You pass         513 test!
You pass         514 test!
You pass         515 test!
You pass         516 test!
You pass         517 test!
You pass         518 test!
You pass         519 test!
You pass         520 test!
You pass         521 test!
You pass         522 test!
You pass         523 test!
You pass         524 test!
You pass         525 test!
You pass         526 test!
You pass         527 test!
You pass         528 test!
You pass         529 test!
You pass         530 test!
You pass         531 test!
You pass         532 test!
You pass         533 test!
You pass         534 test!
You pass         535 test!
You pass         536 test!
You pass         537 test!
You pass         538 test!
You pass         539 test!
You pass         540 test!
You pass         541 test!
You pass         542 test!
You pass         543 test!
You pass         544 test!
You pass         545 test!
You pass         546 test!
You pass         547 test!
You pass         548 test!
You pass         549 test!
You pass         550 test!
You pass         551 test!
You pass         552 test!
You pass         553 test!
You pass         554 test!
You pass         555 test!
You pass         556 test!
You pass         557 test!
You pass         558 test!
You pass         559 test!
You pass         560 test!
You pass         561 test!
You pass         562 test!
You pass         563 test!
You pass         564 test!
You pass         565 test!
You pass         566 test!
You pass         567 test!
You pass         568 test!
You pass         569 test!
You pass         570 test!
You pass         571 test!
You pass         572 test!
You pass         573 test!
You pass         574 test!
You pass         575 test!
You pass         576 test!
You pass         577 test!
You pass         578 test!
You pass         579 test!
You pass         580 test!
You pass         581 test!
You pass         582 test!
You pass         583 test!
You pass         584 test!
You pass         585 test!
You pass         586 test!
You pass         587 test!
You pass         588 test!
You pass         589 test!
You pass         590 test!
You pass         591 test!
You pass         592 test!
You pass         593 test!
You pass         594 test!
You pass         595 test!
You pass         596 test!
You pass         597 test!
You pass         598 test!
You pass         599 test!
You pass         600 test!
You pass         601 test!
You pass         602 test!
You pass         603 test!
You pass         604 test!
You pass         605 test!
You pass         606 test!
You pass         607 test!
You pass         608 test!
You pass         609 test!
You pass         610 test!
You pass         611 test!
You pass         612 test!
You pass         613 test!
You pass         614 test!
You pass         615 test!
You pass         616 test!
You pass         617 test!
You pass         618 test!
You pass         619 test!
You pass         620 test!
You pass         621 test!
You pass         622 test!
You pass         623 test!
You pass         624 test!
You pass         625 test!
You pass         626 test!
You pass         627 test!
You pass         628 test!
You pass         629 test!
You pass         630 test!
You pass         631 test!
You pass         632 test!
You pass         633 test!
You pass         634 test!
You pass         635 test!
You pass         636 test!
You pass         637 test!
You pass         638 test!
You pass         639 test!
You pass         640 test!
You pass         641 test!
You pass         642 test!
You pass         643 test!
You pass         644 test!
You pass         645 test!
You pass         646 test!
You pass         647 test!
You pass         648 test!
You pass         649 test!
You pass         650 test!
You pass         651 test!
You pass         652 test!
You pass         653 test!
You pass         654 test!
You pass         655 test!
You pass         656 test!
You pass         657 test!
You pass         658 test!
You pass         659 test!
You pass         660 test!
You pass         661 test!
You pass         662 test!
You pass         663 test!
You pass         664 test!
You pass         665 test!
You pass         666 test!
You pass         667 test!
You pass         668 test!
You pass         669 test!
You pass         670 test!
You pass         671 test!
You pass         672 test!
You pass         673 test!
You pass         674 test!
You pass         675 test!
You pass         676 test!
You pass         677 test!
You pass         678 test!
You pass         679 test!
You pass         680 test!
You pass         681 test!
You pass         682 test!
You pass         683 test!
You pass         684 test!
You pass         685 test!
You pass         686 test!
You pass         687 test!
You pass         688 test!
You pass         689 test!
You pass         690 test!
You pass         691 test!
You pass         692 test!
You pass         693 test!
You pass         694 test!
You pass         695 test!
You pass         696 test!
You pass         697 test!
You pass         698 test!
You pass         699 test!
You pass         700 test!
You pass         701 test!
You pass         702 test!
You pass         703 test!
You pass         704 test!
You pass         705 test!
You pass         706 test!
You pass         707 test!
You pass         708 test!
You pass         709 test!
You pass         710 test!
You pass         711 test!
You pass         712 test!
You pass         713 test!
You pass         714 test!
You pass         715 test!
You pass         716 test!
You pass         717 test!
You pass         718 test!
You pass         719 test!
You pass         720 test!
You pass         721 test!
You pass         722 test!
You pass         723 test!
You pass         724 test!
You pass         725 test!
You pass         726 test!
You pass         727 test!
You pass         728 test!
You pass         729 test!
You pass         730 test!
You pass         731 test!
You pass         732 test!
You pass         733 test!
You pass         734 test!
You pass         735 test!
You pass         736 test!
You pass         737 test!
You pass         738 test!
You pass         739 test!
You pass         740 test!
You pass         741 test!
You pass         742 test!
You pass         743 test!
You pass         744 test!
You pass         745 test!
You pass         746 test!
You pass         747 test!
You pass         748 test!
You pass         749 test!
You pass         750 test!
You pass         751 test!
You pass         752 test!
You pass         753 test!
You pass         754 test!
You pass         755 test!
You pass         756 test!
You pass         757 test!
You pass         758 test!
You pass         759 test!
You pass         760 test!
You pass         761 test!
You pass         762 test!
You pass         763 test!
You pass         764 test!
You pass         765 test!
You pass         766 test!
You pass         767 test!
You pass         768 test!
You pass         769 test!
You pass         770 test!
You pass         771 test!
You pass         772 test!
You pass         773 test!
You pass         774 test!
You pass         775 test!
You pass         776 test!
You pass         777 test!
You pass         778 test!
You pass         779 test!
You pass         780 test!
You pass         781 test!
You pass         782 test!
You pass         783 test!
You pass         784 test!
You pass         785 test!
You pass         786 test!
You pass         787 test!
You pass         788 test!
You pass         789 test!
You pass         790 test!
You pass         791 test!
You pass         792 test!
You pass         793 test!
You pass         794 test!
You pass         795 test!
You pass         796 test!
You pass         797 test!
You pass         798 test!
You pass         799 test!
You pass         800 test!
You pass         801 test!
You pass         802 test!
You pass         803 test!
You pass         804 test!
You pass         805 test!
You pass         806 test!
You pass         807 test!
You pass         808 test!
You pass         809 test!
You pass         810 test!
You pass         811 test!
You pass         812 test!
You pass         813 test!
You pass         814 test!
You pass         815 test!
You pass         816 test!
You pass         817 test!
You pass         818 test!
You pass         819 test!
You pass         820 test!
You pass         821 test!
You pass         822 test!
You pass         823 test!
You pass         824 test!
You pass         825 test!
You pass         826 test!
You pass         827 test!
You pass         828 test!
You pass         829 test!
You pass         830 test!
You pass         831 test!
You pass         832 test!
You pass         833 test!
You pass         834 test!
You pass         835 test!
You pass         836 test!
You pass         837 test!
You pass         838 test!
You pass         839 test!
You pass         840 test!
You pass         841 test!
You pass         842 test!
You pass         843 test!
You pass         844 test!
You pass         845 test!
You pass         846 test!
You pass         847 test!
You pass         848 test!
You pass         849 test!
You pass         850 test!
You pass         851 test!
You pass         852 test!
You pass         853 test!
You pass         854 test!
You pass         855 test!
You pass         856 test!
You pass         857 test!
You pass         858 test!
You pass         859 test!
You pass         860 test!
You pass         861 test!
You pass         862 test!
You pass         863 test!
You pass         864 test!
You pass         865 test!
You pass         866 test!
You pass         867 test!
You pass         868 test!
You pass         869 test!
You pass         870 test!
You pass         871 test!
You pass         872 test!
You pass         873 test!
You pass         874 test!
You pass         875 test!
You pass         876 test!
You pass         877 test!
You pass         878 test!
You pass         879 test!
You pass         880 test!
You pass         881 test!
You pass         882 test!
You pass         883 test!
You pass         884 test!
You pass         885 test!
You pass         886 test!
You pass         887 test!
You pass         888 test!
You pass         889 test!
You pass         890 test!
You pass         891 test!
You pass         892 test!
You pass         893 test!
You pass         894 test!
You pass         895 test!
You pass         896 test!
You pass         897 test!
You pass         898 test!
You pass         899 test!
You pass         900 test!
You pass         901 test!
You pass         902 test!
You pass         903 test!
You pass         904 test!
You pass         905 test!
You pass         906 test!
You pass         907 test!
You pass         908 test!
You pass         909 test!
You pass         910 test!
You pass         911 test!
You pass         912 test!
You pass         913 test!
You pass         914 test!
You pass         915 test!
You pass         916 test!
You pass         917 test!
You pass         918 test!
You pass         919 test!
You pass         920 test!
You pass         921 test!
You pass         922 test!
You pass         923 test!
You pass         924 test!
You pass         925 test!
You pass         926 test!
You pass         927 test!
You pass         928 test!
You pass         929 test!
You pass         930 test!
You pass         931 test!
You pass         932 test!
You pass         933 test!
You pass         934 test!
You pass         935 test!
You pass         936 test!
You pass         937 test!
You pass         938 test!
You pass         939 test!
You pass         940 test!
You pass         941 test!
You pass         942 test!
You pass         943 test!
You pass         944 test!
You pass         945 test!
You pass         946 test!
You pass         947 test!
You pass         948 test!
You pass         949 test!
You pass         950 test!
You pass         951 test!
You pass         952 test!
You pass         953 test!
You pass         954 test!
You pass         955 test!
You pass         956 test!
You pass         957 test!
You pass         958 test!
You pass         959 test!
You pass         960 test!
You pass         961 test!
You pass         962 test!
You pass         963 test!
You pass         964 test!
You pass         965 test!
You pass         966 test!
You pass         967 test!
You pass         968 test!
You pass         969 test!
You pass         970 test!
You pass         971 test!
You pass         972 test!
You pass         973 test!
You pass         974 test!
You pass         975 test!
You pass         976 test!
You pass         977 test!
You pass         978 test!
You pass         979 test!
You pass         980 test!
You pass         981 test!
You pass         982 test!
You pass         983 test!
You pass         984 test!
You pass         985 test!
You pass         986 test!
You pass         987 test!
You pass         988 test!
You pass         989 test!
You pass         990 test!
You pass         991 test!
You pass         992 test!
You pass         993 test!
You pass         994 test!
You pass         995 test!
You pass         996 test!
You pass         997 test!
You pass         998 test!
You pass         999 test!
You pass        1000 test!
You pass        1001 test!
You pass        1002 test!
You pass        1003 test!
You pass        1004 test!
You pass        1005 test!
You pass        1006 test!
You pass        1007 test!
You pass        1008 test!
You pass        1009 test!
You pass        1010 test!
You pass        1011 test!
You pass        1012 test!
You pass        1013 test!
You pass        1014 test!
You pass        1015 test!
You pass        1016 test!
You pass        1017 test!
You pass        1018 test!
You pass        1019 test!
You pass        1020 test!
You pass        1021 test!
You pass        1022 test!
You pass        1023 test!
You pass        1024 test!
Simulation complete via $finish(1) at time 1023 NS + 0
./PATTERN.v:45 		$finish;
ncsim> exit
TOOL:	ncverilog	10.20-s114: Exiting on Sep 26, 2016 at 18:45:18 CST  (total: 00:00:01)
